C51 COMPILER V9.50a   CODE                                                                 04/13/2024 23:29:50 PAGE 1   


C51 COMPILER V9.50a, COMPILATION OF MODULE CODE
OBJECT MODULE PLACED IN code.OBJ
COMPILER INVOKED BY: C:\Keil_v4\C51\BIN\C51.EXE code.c BROWSE DEBUG OBJECTEXTEND TABS(2)

line level    source

   1          #include<reg51.h>
   2          
   3          // P1 connected to LCD data pins.
   4          #define lcd P1
   5          
   6          // pins P3.6 and P3.7 to rs and e pins of LCD display.
   7          sbit rs=P3^5;
   8          sbit rw=P3^6;
   9          sbit e=P3^7;
  10          
  11          // pins P2.0 and P2.1 are connected to the data pins of the IR sensor.
  12          // usually these pins act as a input pins.
  13          sbit s1=P2^0;
  14          sbit s2=P2^1;
  15          
  16          // initializing all used function globally.
  17          void delay (int);
  18          void cmd (unsigned char);
  19          void display (unsigned char);
  20          void init (void);
  21          void view (int);
  22          void string (char *);
  23          int count=0;
  24          
  25          void main()
  26          {
  27   1          //P2=0x00;// as the IR sensor connected to PORT2, to detect the 1 (HIGH) o/p from the IR sensor make t
             -his PORT as 0 (LOW).
  28   1      
  29   1          init();// call init function to to initialize the display.
  30   1      
  31   1          string("NBNSTIC");
  32   1          cmd(0xc0);
  33   1          string("Welcome");
  34   1          delay(1000);
  35   1          cmd(0x01);
  36   1          cmd(0x80);
  37   1          string("People Counter!");
  38   1          cmd(0xc0);
  39   1      
  40   1          view(count);// as the count value was 0, the view function will make the LCD to display 00 initially.
  41   1      
  42   1          // once if, s1 detects high follow by s2 then the value will increment.
  43   1          // unless if, s2 detects high follow by s1 then the value will decrement.
  44   1          while(1)
  45   1          {
  46   2            if(s1==0)
  47   2            {
  48   3              delay(200);
  49   3                if(s2==0)
  50   3                {
  51   4                  count=count+1;
  52   4                  view(count);
  53   4                  delay(500);
  54   4                }
C51 COMPILER V9.50a   CODE                                                                 04/13/2024 23:29:50 PAGE 2   

  55   3              }
  56   2            else if(s2==0)
  57   2            {
  58   3              delay(200);
  59   3                if(s1==0)
  60   3                {
  61   4                  count=count-1;
  62   4                  view(count);
  63   4                  delay(500);
  64   4                }
  65   3              }
  66   2            }
  67   1      }
  68          
  69          // delay function which produce approx of 1ms delay if d is 1.
  70          // so, if d is 1000 it produce approx 1sec delay.
  71          void delay (int d)
  72          {
  73   1          unsigned char i=0;
  74   1          for(;d>0;d--)
  75   1          {
  76   2              for(i=250;i>0;i--);
  77   2              for(i=248;i>0;i--);
  78   2          }
  79   1      }
  80          
  81          //the function will holds a set of primary commands to display which is used to initialize it.
  82          void cmd (unsigned char c)
  83          {
  84   1          lcd=c;
  85   1          rs=0;
  86   1          rw=0;
  87   1          e=1;
  88   1          delay(5);
  89   1          e=0;
  90   1      }
  91          
  92          // display function is used to give data to the lcd, which is to be displayed.
  93          // usually a single character.
  94          void display (unsigned char c)
  95          {
  96   1          lcd=c;
  97   1          rs=1;
  98   1          rw=0;
  99   1          e=1;
 100   1          delay(5);
 101   1          e=0;
 102   1      }
 103          
 104          // string function is used display the string characters (words).
 105          // this function will work by keep on calling the display function to display the individual character in 
             -a word,
 106          // untill it detect '/0'. usually an end of string (word).
 107          void string (char *p)
 108          {
 109   1          while(*p)
 110   1          {
 111   2              display(*p++);
 112   2          }
 113   1      }
 114          
 115          //the function will holds a set of primary commands to display which is used to initialize it.
C51 COMPILER V9.50a   CODE                                                                 04/13/2024 23:29:50 PAGE 3   

 116          void init (void)
 117          {
 118   1          cmd(0x38);
 119   1          cmd(0x0c);
 120   1          cmd(0x01);
 121   1          cmd(0x80);
 122   1      }
 123          
 124          // NOTE : we cant send the 2 or more digit values directly to the LCD display. like, 22, 234, 4321, etc...
             -.
 125          // to over come this problem this _view_ function will split the 2 digit value (as this project concentrat
             -e
 126          // only values from 00 to 99) seperately and send them one by one to the display function.
 127          void view (int n)
 128          {
 129   1          cmd(0xc0);
 130   1          display(((n/10)%10)+'0');
 131   1          display((n%10)+'0');
 132   1      }


MODULE INFORMATION:   STATIC OVERLAYABLE
   CODE SIZE        =    301    ----
   CONSTANT SIZE    =     32    ----
   XDATA SIZE       =   ----    ----
   PDATA SIZE       =   ----    ----
   DATA SIZE        =      2       3
   IDATA SIZE       =   ----    ----
   BIT SIZE         =   ----    ----
END OF MODULE INFORMATION.


C51 COMPILATION COMPLETE.  0 WARNING(S),  0 ERROR(S)
